L 04/30/2015 - 22:32:33: Log file started (file "logs/L0430008.log") (game "cstrike") (version "48/1.1.2.6/Stdio/5787")
L 04/30/2015 - 22:32:36: World triggered "Round_Start"
L 04/30/2015 - 22:32:39: [DPROTO]: Client 0 - Set AuthIdType 8 [dproto]; pClient = 0xb39acf08
L 04/30/2015 - 22:32:39: "Gajumatta<1><STEAM_ID_LAN><>" connected, address "182.180.66.151:27005"
L 04/30/2015 - 22:32:49: "Gajumatta<1><STEAM_ID_LAN><>" entered the game
L 04/30/2015 - 22:32:59: "Gajumatta<1><STEAM_ID_LAN><>" joined team "TERRORIST"
L 04/30/2015 - 22:33:00: "Gajumatta<1><STEAM_ID_LAN><TERRORIST>" triggered "Spawned_With_The_Bomb"
L 04/30/2015 - 22:33:40: "Gajumatta<1><STEAM_ID_LAN><TERRORIST>" triggered "Planted_The_Bomb"
L 04/30/2015 - 22:34:25: Team "TERRORIST" triggered "Target_Bombed" (CT "0") (T "0")
L 04/30/2015 - 22:34:25: World triggered "Round_End"
L 04/30/2015 - 22:34:25: Team "TERRORIST" triggered "Target_Bombed" (CT "0") (T "0")
L 04/30/2015 - 22:34:25: World triggered "Round_End"
L 04/30/2015 - 22:34:30: "Gajumatta<1><STEAM_ID_LAN><TERRORIST>" triggered "Spawned_With_The_Bomb"
L 04/30/2015 - 22:34:30: World triggered "Round_Start"
L 04/30/2015 - 22:35:01: Kick: "Gajumatta<1><STEAM_ID_LAN><>" was kicked by "Console" (message ""Sorry but your ping is too high, try again later..."")
L 04/30/2015 - 22:35:01: "Gajumatta<1><STEAM_ID_LAN><TERRORIST>" triggered "Dropped_The_Bomb"
L 04/30/2015 - 22:35:01: "Gajumatta<1><STEAM_ID_LAN><TERRORIST>" disconnected
L 04/30/2015 - 22:35:01: World triggered "Round_Draw" (CT "0") (T "0")
L 04/30/2015 - 22:35:01: World triggered "Round_End"
L 04/30/2015 - 22:35:06: World triggered "Round_Start"
L 04/30/2015 - 22:37:06: Team "CT" triggered "Target_Saved" (CT "1") (T "0")
L 04/30/2015 - 22:37:06: World triggered "Round_End"
L 04/30/2015 - 22:37:11: World triggered "Round_Start"
L 04/30/2015 - 22:37:30: Your server needs to be restarted in order to receive the latest update.
L 04/30/2015 - 22:39:11: Team "CT" triggered "Target_Saved" (CT "2") (T "0")
L 04/30/2015 - 22:39:11: World triggered "Round_End"
L 04/30/2015 - 22:39:16: World triggered "Round_Start"
L 04/30/2015 - 22:41:16: Team "CT" triggered "Target_Saved" (CT "3") (T "0")
L 04/30/2015 - 22:41:16: World triggered "Round_End"
L 04/30/2015 - 22:41:21: World triggered "Round_Start"
L 04/30/2015 - 22:42:30: Your server needs to be restarted in order to receive the latest update.
L 04/30/2015 - 22:43:21: Team "CT" triggered "Target_Saved" (CT "4") (T "0")
L 04/30/2015 - 22:43:21: World triggered "Round_End"
L 04/30/2015 - 22:43:26: World triggered "Round_Start"
L 04/30/2015 - 22:45:26: Team "CT" triggered "Target_Saved" (CT "5") (T "0")
L 04/30/2015 - 22:45:26: World triggered "Round_End"
L 04/30/2015 - 22:45:31: World triggered "Round_Start"
L 04/30/2015 - 22:47:30: Your server needs to be restarted in order to receive the latest update.
L 04/30/2015 - 22:47:31: Team "CT" triggered "Target_Saved" (CT "6") (T "0")
L 04/30/2015 - 22:47:31: World triggered "Round_End"
L 04/30/2015 - 22:47:36: World triggered "Round_Start"
L 04/30/2015 - 22:49:36: Team "CT" triggered "Target_Saved" (CT "7") (T "0")
L 04/30/2015 - 22:49:36: World triggered "Round_End"
L 04/30/2015 - 22:49:41: World triggered "Round_Start"
L 04/30/2015 - 22:51:41: Team "CT" triggered "Target_Saved" (CT "8") (T "0")
L 04/30/2015 - 22:51:41: World triggered "Round_End"
L 04/30/2015 - 22:51:46: World triggered "Round_Start"
L 04/30/2015 - 22:52:30: Your server needs to be restarted in order to receive the latest update.
L 04/30/2015 - 22:53:46: Team "CT" triggered "Target_Saved" (CT "9") (T "0")
L 04/30/2015 - 22:53:46: World triggered "Round_End"
L 04/30/2015 - 22:53:51: World triggered "Round_Start"
L 04/30/2015 - 22:55:51: Team "CT" triggered "Target_Saved" (CT "10") (T "0")
L 04/30/2015 - 22:55:51: World triggered "Round_End"
L 04/30/2015 - 22:55:56: World triggered "Round_Start"
L 04/30/2015 - 22:57:30: Your server needs to be restarted in order to receive the latest update.
L 04/30/2015 - 22:57:56: Team "CT" triggered "Target_Saved" (CT "11") (T "0")
L 04/30/2015 - 22:57:56: World triggered "Round_End"
L 04/30/2015 - 22:58:01: World triggered "Round_Start"
L 04/30/2015 - 23:00:01: Team "CT" triggered "Target_Saved" (CT "12") (T "0")
L 04/30/2015 - 23:00:01: World triggered "Round_End"
L 04/30/2015 - 23:00:06: World triggered "Round_Start"
L 04/30/2015 - 23:02:06: Team "CT" triggered "Target_Saved" (CT "13") (T "0")
L 04/30/2015 - 23:02:06: World triggered "Round_End"
L 04/30/2015 - 23:02:11: World triggered "Round_Start"
L 04/30/2015 - 23:02:31: Your server needs to be restarted in order to receive the latest update.
L 04/30/2015 - 23:04:11: Team "CT" triggered "Target_Saved" (CT "14") (T "0")
L 04/30/2015 - 23:04:11: World triggered "Round_End"
L 04/30/2015 - 23:04:16: World triggered "Round_Start"
L 04/30/2015 - 23:06:16: Team "CT" triggered "Target_Saved" (CT "15") (T "0")
L 04/30/2015 - 23:06:16: World triggered "Round_End"
L 04/30/2015 - 23:06:21: World triggered "Round_Start"
L 04/30/2015 - 23:07:30: Your server needs to be restarted in order to receive the latest update.
L 04/30/2015 - 23:08:21: Team "CT" triggered "Target_Saved" (CT "16") (T "0")
L 04/30/2015 - 23:08:21: World triggered "Round_End"
L 04/30/2015 - 23:08:26: World triggered "Round_Start"
L 04/30/2015 - 23:10:26: Team "CT" triggered "Target_Saved" (CT "17") (T "0")
L 04/30/2015 - 23:10:26: World triggered "Round_End"
L 04/30/2015 - 23:10:31: World triggered "Round_Start"
L 04/30/2015 - 23:12:30: Your server needs to be restarted in order to receive the latest update.
L 04/30/2015 - 23:12:31: Team "CT" triggered "Target_Saved" (CT "18") (T "0")
L 04/30/2015 - 23:12:31: World triggered "Round_End"
L 04/30/2015 - 23:12:36: World triggered "Round_Start"
L 04/30/2015 - 23:14:36: Team "CT" triggered "Target_Saved" (CT "19") (T "0")
L 04/30/2015 - 23:14:36: World triggered "Round_End"
L 04/30/2015 - 23:14:41: World triggered "Round_Start"
L 04/30/2015 - 23:16:41: Team "CT" triggered "Target_Saved" (CT "20") (T "0")
L 04/30/2015 - 23:16:41: World triggered "Round_End"
L 04/30/2015 - 23:16:46: World triggered "Round_Start"
L 04/30/2015 - 23:17:30: Your server needs to be restarted in order to receive the latest update.
L 04/30/2015 - 23:18:46: Team "CT" triggered "Target_Saved" (CT "21") (T "0")
L 04/30/2015 - 23:18:46: World triggered "Round_End"
L 04/30/2015 - 23:18:51: World triggered "Round_Start"
L 04/30/2015 - 23:20:51: Team "CT" triggered "Target_Saved" (CT "22") (T "0")
L 04/30/2015 - 23:20:51: World triggered "Round_End"
L 04/30/2015 - 23:20:56: World triggered "Round_Start"
L 04/30/2015 - 23:22:30: Your server needs to be restarted in order to receive the latest update.
L 04/30/2015 - 23:22:56: Team "CT" triggered "Target_Saved" (CT "23") (T "0")
L 04/30/2015 - 23:22:56: World triggered "Round_End"
L 04/30/2015 - 23:23:01: World triggered "Round_Start"
L 04/30/2015 - 23:25:01: Team "CT" triggered "Target_Saved" (CT "24") (T "0")
L 04/30/2015 - 23:25:01: World triggered "Round_End"
L 04/30/2015 - 23:25:06: World triggered "Round_Start"
L 04/30/2015 - 23:27:06: Team "CT" triggered "Target_Saved" (CT "25") (T "0")
L 04/30/2015 - 23:27:06: World triggered "Round_End"
L 04/30/2015 - 23:27:11: World triggered "Round_Start"
L 04/30/2015 - 23:27:30: Your server needs to be restarted in order to receive the latest update.
L 04/30/2015 - 23:29:11: Team "CT" triggered "Target_Saved" (CT "26") (T "0")
L 04/30/2015 - 23:29:11: World triggered "Round_End"
L 04/30/2015 - 23:29:16: World triggered "Round_Start"
L 04/30/2015 - 23:31:16: Team "CT" triggered "Target_Saved" (CT "27") (T "0")
L 04/30/2015 - 23:31:16: World triggered "Round_End"
L 04/30/2015 - 23:31:21: World triggered "Round_Start"
L 04/30/2015 - 23:32:27: Team "CT" scored "27" with "0" players
L 04/30/2015 - 23:32:27: Team "TERRORIST" scored "0" with "0" players
L 04/30/2015 - 23:32:27: Server cvar "mp_chattime" = "12"
L 04/30/2015 - 23:32:30: Your server needs to be restarted in order to receive the latest update.
L 04/30/2015 - 23:32:37: Server cvar "mp_chattime" = "10"
L 04/30/2015 - 23:32:37: [META] ini: Begin re-reading plugins list: /var/www/vhosts/cdn01.counterstrike.com.pk/htdocs/web/files/hlds/cstrike/addons/metamod/plugins.ini
L 04/30/2015 - 23:32:37: [META] ini: Read plugin config for: AMX Mod X
L 04/30/2015 - 23:32:37: [META] ini: Read plugin config for: dproto_EF
L 04/30/2015 - 23:32:37: [META] ini: Finished reading plugins list: /var/www/vhosts/cdn01.counterstrike.com.pk/htdocs/web/files/hlds/cstrike/addons/metamod/plugins.ini; Found 2 plugins
L 04/30/2015 - 23:32:37: [META] dll: Updating plugins...
L 04/30/2015 - 23:32:37: [META] dll: Finished updating 10 plugins; kept 2, loaded 0, unloaded 0, reloaded 0, delayed 0
L 04/30/2015 - 23:32:37: Log file closed
